<?xml version="1.0" encoding="UTF-8"?>
<!-- Generated by org.testng.reporters.JUnitReportReporter -->
<testsuite hostname="MSI" failures="0" tests="2" name="Automation.Project.Login" time="2.137" errors="0" timestamp="2021-10-15T12:33:47 IST" skipped="0">
  <testcase classname="Automation.Project.Login" name="baseNavigation" time="0.877"/>
  <system-out/>
  <testcase classname="Automation.Project.Login" name="baseNavigation" time="1.260"/>
  <system-out/>
</testsuite> <!-- Automation.Project.Login -->
