<?xml version="1.0" encoding="UTF-8"?>
<!-- Generated by org.testng.reporters.JUnitReportReporter -->
<testsuite hostname="MSI" failures="0" tests="1" name="Automation.Project.Homepage" time="2.493" errors="0" timestamp="2021-10-14T12:14:57 IST" skipped="0">
  <testcase classname="Automation.Project.Homepage" name="baseNavigation" time="2.493"/>
  <system-out/>
</testsuite> <!-- Automation.Project.Homepage -->
