<?xml version="1.0" encoding="UTF-8"?>
<!-- Generated by org.testng.reporters.JUnitReportReporter -->
<testsuite hostname="MSI" failures="0" tests="1" name="Automation.Project.validateHomeButton" time="0.206" errors="0" timestamp="2021-10-14T22:07:56 IST" skipped="0">
  <testcase classname="Automation.Project.validateHomeButton" name="Navigation" time="0.206"/>
  <system-out/>
</testsuite> <!-- Automation.Project.validateHomeButton -->
